{"/home/dnlalejandro/payment-cc-app/src/auth/layout/AuthLayout.jsx": {"path":"/home/dnlalejandro/payment-cc-app/src/auth/layout/AuthLayout.jsx","statementMap":{"0":{"start":{"line":4,"column":26},"end":{"line":38,"column":1}},"1":{"start":{"line":5,"column":4},"end":{"line":37,"column":5}},"2":{"start":{"line":40,"column":0},"end":{"line":42,"column":1}}},"fnMap":{"0":{"name":"(anonymous_0)","decl":{"start":{"line":4,"column":26},"end":{"line":4,"column":27}},"loc":{"start":{"line":4,"column":54},"end":{"line":38,"column":1}},"line":4}},"branchMap":{"0":{"loc":{"start":{"line":4,"column":38},"end":{"line":4,"column":48}},"type":"default-arg","locations":[{"start":{"line":4,"column":46},"end":{"line":4,"column":48}}],"line":4}},"s":{"0":3,"1":5,"2":3},"f":{"0":5},"b":{"0":[0]},"_coverageSchema":"1a1c01bbd47fc00a2c39e90264f33305004495a9","hash":"9e3d886528c5201746f56832a1cfcff48b52d824"}
,"/home/dnlalejandro/payment-cc-app/src/auth/pages/LoginPage.jsx": {"path":"/home/dnlalejandro/payment-cc-app/src/auth/pages/LoginPage.jsx","statementMap":{"0":{"start":{"line":10,"column":25},"end":{"line":129,"column":1}},"1":{"start":{"line":15,"column":8},"end":{"line":15,"column":17}},"2":{"start":{"line":17,"column":35},"end":{"line":17,"column":67}},"3":{"start":{"line":17,"column":56},"end":{"line":17,"column":66}},"4":{"start":{"line":18,"column":21},"end":{"line":18,"column":34}},"5":{"start":{"line":19,"column":29},"end":{"line":19,"column":75}},"6":{"start":{"line":19,"column":43},"end":{"line":19,"column":64}},"7":{"start":{"line":21,"column":28},"end":{"line":25,"column":5}},"8":{"start":{"line":22,"column":8},"end":{"line":22,"column":43}},"9":{"start":{"line":23,"column":34},"end":{"line":23,"column":38}},"10":{"start":{"line":24,"column":8},"end":{"line":24,"column":64}},"11":{"start":{"line":27,"column":27},"end":{"line":29,"column":5}},"12":{"start":{"line":28,"column":8},"end":{"line":28,"column":37}},"13":{"start":{"line":31,"column":4},"end":{"line":128,"column":6}},"14":{"start":{"line":35,"column":20},"end":{"line":35,"column":41}}},"fnMap":{"0":{"name":"(anonymous_0)","decl":{"start":{"line":10,"column":25},"end":{"line":10,"column":26}},"loc":{"start":{"line":10,"column":31},"end":{"line":129,"column":1}},"line":10},"1":{"name":"(anonymous_1)","decl":{"start":{"line":17,"column":47},"end":{"line":17,"column":48}},"loc":{"start":{"line":17,"column":56},"end":{"line":17,"column":66}},"line":17},"2":{"name":"(anonymous_2)","decl":{"start":{"line":19,"column":37},"end":{"line":19,"column":38}},"loc":{"start":{"line":19,"column":43},"end":{"line":19,"column":64}},"line":19},"3":{"name":"(anonymous_3)","decl":{"start":{"line":21,"column":28},"end":{"line":21,"column":29}},"loc":{"start":{"line":21,"column":38},"end":{"line":25,"column":5}},"line":21},"4":{"name":"(anonymous_4)","decl":{"start":{"line":27,"column":27},"end":{"line":27,"column":28}},"loc":{"start":{"line":27,"column":33},"end":{"line":29,"column":5}},"line":27},"5":{"name":"(anonymous_5)","decl":{"start":{"line":34,"column":39},"end":{"line":34,"column":40}},"loc":{"start":{"line":34,"column":49},"end":{"line":36,"column":17}},"line":34}},"branchMap":{"0":{"loc":{"start":{"line":50,"column":25},"end":{"line":56,"column":25}},"type":"binary-expr","locations":[{"start":{"line":50,"column":25},"end":{"line":50,"column":37}},{"start":{"line":51,"column":28},"end":{"line":55,"column":35}}],"line":50},"1":{"loc":{"start":{"line":73,"column":25},"end":{"line":79,"column":25}},"type":"binary-expr","locations":[{"start":{"line":73,"column":25},"end":{"line":73,"column":40}},{"start":{"line":74,"column":28},"end":{"line":78,"column":35}}],"line":73},"2":{"loc":{"start":{"line":81,"column":61},"end":{"line":81,"column":89}},"type":"cond-expr","locations":[{"start":{"line":81,"column":78},"end":{"line":81,"column":80}},{"start":{"line":81,"column":83},"end":{"line":81,"column":89}}],"line":81}},"s":{"0":1,"1":3,"2":3,"3":6,"4":3,"5":3,"6":3,"7":3,"8":0,"9":0,"10":0,"11":3,"12":1,"13":3,"14":0},"f":{"0":3,"1":6,"2":3,"3":0,"4":1,"5":0},"b":{"0":[3,0],"1":[3,0],"2":[0,3]},"_coverageSchema":"1a1c01bbd47fc00a2c39e90264f33305004495a9","hash":"a0f9f820805fd77418c29456f495f6486233a9a6"}
,"/home/dnlalejandro/payment-cc-app/src/auth/pages/RegisterPage.jsx": {"path":"/home/dnlalejandro/payment-cc-app/src/auth/pages/RegisterPage.jsx","statementMap":{"0":{"start":{"line":9,"column":28},"end":{"line":138,"column":1}},"1":{"start":{"line":14,"column":8},"end":{"line":14,"column":17}},"2":{"start":{"line":16,"column":35},"end":{"line":16,"column":67}},"3":{"start":{"line":16,"column":56},"end":{"line":16,"column":66}},"4":{"start":{"line":17,"column":21},"end":{"line":17,"column":34}},"5":{"start":{"line":18,"column":29},"end":{"line":18,"column":75}},"6":{"start":{"line":18,"column":43},"end":{"line":18,"column":64}},"7":{"start":{"line":20,"column":31},"end":{"line":25,"column":5}},"8":{"start":{"line":21,"column":8},"end":{"line":21,"column":41}},"9":{"start":{"line":22,"column":8},"end":{"line":22,"column":29}},"10":{"start":{"line":23,"column":8},"end":{"line":23,"column":25}},"11":{"start":{"line":24,"column":8},"end":{"line":24,"column":62}},"12":{"start":{"line":27,"column":4},"end":{"line":137,"column":6}},"13":{"start":{"line":31,"column":20},"end":{"line":31,"column":45}}},"fnMap":{"0":{"name":"(anonymous_0)","decl":{"start":{"line":9,"column":28},"end":{"line":9,"column":29}},"loc":{"start":{"line":9,"column":34},"end":{"line":138,"column":1}},"line":9},"1":{"name":"(anonymous_1)","decl":{"start":{"line":16,"column":47},"end":{"line":16,"column":48}},"loc":{"start":{"line":16,"column":56},"end":{"line":16,"column":66}},"line":16},"2":{"name":"(anonymous_2)","decl":{"start":{"line":18,"column":37},"end":{"line":18,"column":38}},"loc":{"start":{"line":18,"column":43},"end":{"line":18,"column":64}},"line":18},"3":{"name":"(anonymous_3)","decl":{"start":{"line":20,"column":31},"end":{"line":20,"column":32}},"loc":{"start":{"line":20,"column":41},"end":{"line":25,"column":5}},"line":20},"4":{"name":"(anonymous_4)","decl":{"start":{"line":30,"column":39},"end":{"line":30,"column":40}},"loc":{"start":{"line":30,"column":49},"end":{"line":32,"column":17}},"line":30}},"branchMap":{"0":{"loc":{"start":{"line":45,"column":42},"end":{"line":45,"column":76}},"type":"cond-expr","locations":[{"start":{"line":45,"column":60},"end":{"line":45,"column":66}},{"start":{"line":45,"column":69},"end":{"line":45,"column":76}}],"line":45},"1":{"loc":{"start":{"line":51,"column":25},"end":{"line":57,"column":25}},"type":"binary-expr","locations":[{"start":{"line":51,"column":25},"end":{"line":51,"column":40}},{"start":{"line":52,"column":28},"end":{"line":56,"column":35}}],"line":51},"2":{"loc":{"start":{"line":64,"column":42},"end":{"line":64,"column":73}},"type":"cond-expr","locations":[{"start":{"line":64,"column":57},"end":{"line":64,"column":63}},{"start":{"line":64,"column":66},"end":{"line":64,"column":73}}],"line":64},"3":{"loc":{"start":{"line":70,"column":25},"end":{"line":76,"column":25}},"type":"binary-expr","locations":[{"start":{"line":70,"column":25},"end":{"line":70,"column":37}},{"start":{"line":71,"column":28},"end":{"line":75,"column":35}}],"line":70},"4":{"loc":{"start":{"line":88,"column":42},"end":{"line":88,"column":76}},"type":"cond-expr","locations":[{"start":{"line":88,"column":60},"end":{"line":88,"column":66}},{"start":{"line":88,"column":69},"end":{"line":88,"column":76}}],"line":88},"5":{"loc":{"start":{"line":93,"column":25},"end":{"line":99,"column":25}},"type":"binary-expr","locations":[{"start":{"line":93,"column":25},"end":{"line":93,"column":40}},{"start":{"line":94,"column":28},"end":{"line":98,"column":35}}],"line":93},"6":{"loc":{"start":{"line":101,"column":61},"end":{"line":101,"column":89}},"type":"cond-expr","locations":[{"start":{"line":101,"column":78},"end":{"line":101,"column":80}},{"start":{"line":101,"column":83},"end":{"line":101,"column":89}}],"line":101}},"s":{"0":1,"1":1,"2":1,"3":2,"4":1,"5":1,"6":1,"7":1,"8":0,"9":0,"10":0,"11":0,"12":1,"13":0},"f":{"0":1,"1":2,"2":1,"3":0,"4":0},"b":{"0":[0,1],"1":[1,0],"2":[0,1],"3":[1,0],"4":[0,1],"5":[1,0],"6":[0,1]},"_coverageSchema":"1a1c01bbd47fc00a2c39e90264f33305004495a9","hash":"4965be1eaece80fdccb5a7de50eabee8da9ae3ce"}
,"/home/dnlalejandro/payment-cc-app/src/firebase/config.js": {"path":"/home/dnlalejandro/payment-cc-app/src/firebase/config.js","statementMap":{"0":{"start":{"line":9,"column":23},"end":{"line":16,"column":1}},"1":{"start":{"line":19,"column":27},"end":{"line":19,"column":56}},"2":{"start":{"line":20,"column":28},"end":{"line":20,"column":48}},"3":{"start":{"line":21,"column":27},"end":{"line":21,"column":52}}},"fnMap":{},"branchMap":{},"s":{"0":3,"1":3,"2":3,"3":3},"f":{},"b":{},"_coverageSchema":"1a1c01bbd47fc00a2c39e90264f33305004495a9","hash":"216018b2e6bb5429834ee0d86d90a8fe65aa098c"}
,"/home/dnlalejandro/payment-cc-app/src/firebase/providers.js": {"path":"/home/dnlalejandro/payment-cc-app/src/firebase/providers.js","statementMap":{"0":{"start":{"line":4,"column":23},"end":{"line":4,"column":47}},"1":{"start":{"line":5,"column":0},"end":{"line":7,"column":2}},"2":{"start":{"line":9,"column":32},"end":{"line":28,"column":1}},"3":{"start":{"line":10,"column":4},"end":{"line":27,"column":5}},"4":{"start":{"line":11,"column":23},"end":{"line":11,"column":74}},"5":{"start":{"line":14,"column":44},"end":{"line":14,"column":55}},"6":{"start":{"line":15,"column":8},"end":{"line":20,"column":9}},"7":{"start":{"line":22,"column":29},"end":{"line":22,"column":42}},"8":{"start":{"line":23,"column":8},"end":{"line":26,"column":9}},"9":{"start":{"line":29,"column":41},"end":{"line":42,"column":1}},"10":{"start":{"line":30,"column":4},"end":{"line":41,"column":5}},"11":{"start":{"line":31,"column":23},"end":{"line":31,"column":86}},"12":{"start":{"line":32,"column":37},"end":{"line":32,"column":48}},"13":{"start":{"line":34,"column":8},"end":{"line":38,"column":9}},"14":{"start":{"line":40,"column":8},"end":{"line":40,"column":57}},"15":{"start":{"line":44,"column":45},"end":{"line":59,"column":1}},"16":{"start":{"line":45,"column":4},"end":{"line":58,"column":5}},"17":{"start":{"line":46,"column":21},"end":{"line":46,"column":88}},"18":{"start":{"line":47,"column":22},"end":{"line":47,"column":31}},"19":{"start":{"line":48,"column":8},"end":{"line":48,"column":69}},"20":{"start":{"line":49,"column":8},"end":{"line":54,"column":9}},"21":{"start":{"line":57,"column":8},"end":{"line":57,"column":57}},"22":{"start":{"line":61,"column":30},"end":{"line":63,"column":1}},"23":{"start":{"line":62,"column":4},"end":{"line":62,"column":40}}},"fnMap":{"0":{"name":"(anonymous_0)","decl":{"start":{"line":9,"column":32},"end":{"line":9,"column":33}},"loc":{"start":{"line":9,"column":44},"end":{"line":28,"column":1}},"line":9},"1":{"name":"(anonymous_1)","decl":{"start":{"line":29,"column":41},"end":{"line":29,"column":42}},"loc":{"start":{"line":29,"column":70},"end":{"line":42,"column":1}},"line":29},"2":{"name":"(anonymous_2)","decl":{"start":{"line":44,"column":45},"end":{"line":44,"column":46}},"loc":{"start":{"line":44,"column":86},"end":{"line":59,"column":1}},"line":44},"3":{"name":"(anonymous_3)","decl":{"start":{"line":61,"column":30},"end":{"line":61,"column":31}},"loc":{"start":{"line":61,"column":41},"end":{"line":63,"column":1}},"line":61}},"branchMap":{},"s":{"0":3,"1":3,"2":3,"3":0,"4":0,"5":0,"6":0,"7":0,"8":0,"9":3,"10":0,"11":0,"12":0,"13":0,"14":0,"15":3,"16":0,"17":0,"18":0,"19":0,"20":0,"21":0,"22":3,"23":0},"f":{"0":0,"1":0,"2":0,"3":0},"b":{},"_coverageSchema":"1a1c01bbd47fc00a2c39e90264f33305004495a9","hash":"132b80e9ea2f0fdeb44e989608cd89851890f23a"}
,"/home/dnlalejandro/payment-cc-app/src/payment/components/CardProduct.jsx": {"path":"/home/dnlalejandro/payment-cc-app/src/payment/components/CardProduct.jsx","statementMap":{"0":{"start":{"line":5,"column":27},"end":{"line":94,"column":1}},"1":{"start":{"line":7,"column":38},"end":{"line":7,"column":53}},"2":{"start":{"line":8,"column":28},"end":{"line":10,"column":5}},"3":{"start":{"line":9,"column":8},"end":{"line":9,"column":27}},"4":{"start":{"line":12,"column":29},"end":{"line":14,"column":5}},"5":{"start":{"line":13,"column":8},"end":{"line":13,"column":28}},"6":{"start":{"line":15,"column":4},"end":{"line":93,"column":6}}},"fnMap":{"0":{"name":"(anonymous_0)","decl":{"start":{"line":5,"column":27},"end":{"line":5,"column":28}},"loc":{"start":{"line":5,"column":48},"end":{"line":94,"column":1}},"line":5},"1":{"name":"(anonymous_1)","decl":{"start":{"line":8,"column":28},"end":{"line":8,"column":29}},"loc":{"start":{"line":8,"column":34},"end":{"line":10,"column":5}},"line":8},"2":{"name":"(anonymous_2)","decl":{"start":{"line":12,"column":29},"end":{"line":12,"column":30}},"loc":{"start":{"line":12,"column":35},"end":{"line":14,"column":5}},"line":12}},"branchMap":{},"s":{"0":1,"1":3,"2":3,"3":1,"4":3,"5":0,"6":3},"f":{"0":3,"1":1,"2":0},"b":{},"_coverageSchema":"1a1c01bbd47fc00a2c39e90264f33305004495a9","hash":"5fc9cd87568da62e75ed6f60b095dd2b58703330"}
,"/home/dnlalejandro/payment-cc-app/src/payment/components/ModalPaymentCC.jsx": {"path":"/home/dnlalejandro/payment-cc-app/src/payment/components/ModalPaymentCC.jsx","statementMap":{"0":{"start":{"line":12,"column":14},"end":{"line":25,"column":1}},"1":{"start":{"line":27,"column":30},"end":{"line":301,"column":1}},"2":{"start":{"line":29,"column":44},"end":{"line":29,"column":59}},"3":{"start":{"line":30,"column":31},"end":{"line":32,"column":5}},"4":{"start":{"line":31,"column":8},"end":{"line":31,"column":30}},"5":{"start":{"line":34,"column":32},"end":{"line":36,"column":5}},"6":{"start":{"line":35,"column":8},"end":{"line":35,"column":31}},"7":{"start":{"line":38,"column":36},"end":{"line":38,"column":50}},"8":{"start":{"line":39,"column":21},"end":{"line":39,"column":34}},"9":{"start":{"line":41,"column":34},"end":{"line":41,"column":71}},"10":{"start":{"line":41,"column":57},"end":{"line":41,"column":70}},"11":{"start":{"line":42,"column":26},"end":{"line":42,"column":78}},"12":{"start":{"line":42,"column":40},"end":{"line":42,"column":64}},"13":{"start":{"line":51,"column":8},"end":{"line":51,"column":17}},"14":{"start":{"line":53,"column":24},"end":{"line":53,"column":31}},"15":{"start":{"line":55,"column":26},"end":{"line":55,"column":45}},"16":{"start":{"line":57,"column":20},"end":{"line":57,"column":48}},"17":{"start":{"line":59,"column":4},"end":{"line":72,"column":28}},"18":{"start":{"line":60,"column":26},"end":{"line":60,"column":55}},"19":{"start":{"line":61,"column":8},"end":{"line":71,"column":9}},"20":{"start":{"line":62,"column":29},"end":{"line":62,"column":50}},"21":{"start":{"line":63,"column":12},"end":{"line":70,"column":15}},"22":{"start":{"line":64,"column":30},"end":{"line":64,"column":43}},"23":{"start":{"line":65,"column":16},"end":{"line":69,"column":17}},"24":{"start":{"line":66,"column":20},"end":{"line":66,"column":48}},"25":{"start":{"line":68,"column":20},"end":{"line":68,"column":41}},"26":{"start":{"line":74,"column":4},"end":{"line":77,"column":27}},"27":{"start":{"line":75,"column":28},"end":{"line":75,"column":35}},"28":{"start":{"line":76,"column":8},"end":{"line":76,"column":67}},"29":{"start":{"line":79,"column":4},"end":{"line":87,"column":24}},"30":{"start":{"line":80,"column":8},"end":{"line":86,"column":9}},"31":{"start":{"line":81,"column":12},"end":{"line":81,"column":32}},"32":{"start":{"line":82,"column":15},"end":{"line":86,"column":9}},"33":{"start":{"line":83,"column":12},"end":{"line":83,"column":38}},"34":{"start":{"line":85,"column":12},"end":{"line":85,"column":30}},"35":{"start":{"line":89,"column":25},"end":{"line":104,"column":5}},"36":{"start":{"line":90,"column":8},"end":{"line":90,"column":60}},"37":{"start":{"line":91,"column":37},"end":{"line":91,"column":48}},"38":{"start":{"line":92,"column":68},"end":{"line":92,"column":72}},"39":{"start":{"line":94,"column":8},"end":{"line":103,"column":15}},"40":{"start":{"line":98,"column":16},"end":{"line":98,"column":30}},"41":{"start":{"line":99,"column":16},"end":{"line":99,"column":37}},"42":{"start":{"line":102,"column":16},"end":{"line":102,"column":55}},"43":{"start":{"line":106,"column":4},"end":{"line":300,"column":6}},"44":{"start":{"line":127,"column":28},"end":{"line":127,"column":60}},"45":{"start":{"line":163,"column":48},"end":{"line":166,"column":94}},"46":{"start":{"line":220,"column":44},"end":{"line":234,"column":67}}},"fnMap":{"0":{"name":"(anonymous_0)","decl":{"start":{"line":27,"column":30},"end":{"line":27,"column":31}},"loc":{"start":{"line":27,"column":76},"end":{"line":301,"column":1}},"line":27},"1":{"name":"(anonymous_1)","decl":{"start":{"line":30,"column":31},"end":{"line":30,"column":32}},"loc":{"start":{"line":30,"column":37},"end":{"line":32,"column":5}},"line":30},"2":{"name":"(anonymous_2)","decl":{"start":{"line":34,"column":32},"end":{"line":34,"column":33}},"loc":{"start":{"line":34,"column":38},"end":{"line":36,"column":5}},"line":34},"3":{"name":"(anonymous_3)","decl":{"start":{"line":41,"column":46},"end":{"line":41,"column":47}},"loc":{"start":{"line":41,"column":57},"end":{"line":41,"column":70}},"line":41},"4":{"name":"(anonymous_4)","decl":{"start":{"line":42,"column":34},"end":{"line":42,"column":35}},"loc":{"start":{"line":42,"column":40},"end":{"line":42,"column":64}},"line":42},"5":{"name":"(anonymous_5)","decl":{"start":{"line":59,"column":14},"end":{"line":59,"column":15}},"loc":{"start":{"line":59,"column":20},"end":{"line":72,"column":5}},"line":59},"6":{"name":"(anonymous_6)","decl":{"start":{"line":63,"column":42},"end":{"line":63,"column":43}},"loc":{"start":{"line":63,"column":49},"end":{"line":70,"column":13}},"line":63},"7":{"name":"(anonymous_7)","decl":{"start":{"line":74,"column":14},"end":{"line":74,"column":15}},"loc":{"start":{"line":74,"column":20},"end":{"line":77,"column":5}},"line":74},"8":{"name":"(anonymous_8)","decl":{"start":{"line":79,"column":14},"end":{"line":79,"column":15}},"loc":{"start":{"line":79,"column":20},"end":{"line":87,"column":5}},"line":79},"9":{"name":"(anonymous_9)","decl":{"start":{"line":89,"column":25},"end":{"line":89,"column":26}},"loc":{"start":{"line":89,"column":48},"end":{"line":104,"column":5}},"line":89},"10":{"name":"(anonymous_10)","decl":{"start":{"line":97,"column":18},"end":{"line":97,"column":19}},"loc":{"start":{"line":97,"column":24},"end":{"line":100,"column":13}},"line":97},"11":{"name":"(anonymous_11)","decl":{"start":{"line":101,"column":19},"end":{"line":101,"column":20}},"loc":{"start":{"line":101,"column":30},"end":{"line":103,"column":13}},"line":101},"12":{"name":"(anonymous_12)","decl":{"start":{"line":126,"column":47},"end":{"line":126,"column":48}},"loc":{"start":{"line":126,"column":57},"end":{"line":128,"column":25}},"line":126},"13":{"name":"(anonymous_13)","decl":{"start":{"line":162,"column":60},"end":{"line":162,"column":61}},"loc":{"start":{"line":163,"column":48},"end":{"line":166,"column":94}},"line":163},"14":{"name":"(anonymous_14)","decl":{"start":{"line":219,"column":48},"end":{"line":219,"column":49}},"loc":{"start":{"line":220,"column":44},"end":{"line":234,"column":67}},"line":220}},"branchMap":{"0":{"loc":{"start":{"line":61,"column":8},"end":{"line":71,"column":9}},"type":"if","locations":[{"start":{"line":61,"column":8},"end":{"line":71,"column":9}},{"start":{},"end":{}}],"line":61},"1":{"loc":{"start":{"line":65,"column":16},"end":{"line":69,"column":17}},"type":"if","locations":[{"start":{"line":65,"column":16},"end":{"line":69,"column":17}},{"start":{"line":67,"column":23},"end":{"line":69,"column":17}}],"line":65},"2":{"loc":{"start":{"line":80,"column":8},"end":{"line":86,"column":9}},"type":"if","locations":[{"start":{"line":80,"column":8},"end":{"line":86,"column":9}},{"start":{"line":82,"column":15},"end":{"line":86,"column":9}}],"line":80},"3":{"loc":{"start":{"line":82,"column":15},"end":{"line":86,"column":9}},"type":"if","locations":[{"start":{"line":82,"column":15},"end":{"line":86,"column":9}},{"start":{"line":84,"column":15},"end":{"line":86,"column":9}}],"line":82},"4":{"loc":{"start":{"line":132,"column":33},"end":{"line":139,"column":33}},"type":"binary-expr","locations":[{"start":{"line":132,"column":33},"end":{"line":132,"column":58}},{"start":{"line":133,"column":36},"end":{"line":138,"column":38}}],"line":132},"5":{"loc":{"start":{"line":140,"column":33},"end":{"line":147,"column":33}},"type":"binary-expr","locations":[{"start":{"line":140,"column":33},"end":{"line":140,"column":52}},{"start":{"line":141,"column":36},"end":{"line":146,"column":38}}],"line":140},"6":{"loc":{"start":{"line":163,"column":48},"end":{"line":166,"column":94}},"type":"cond-expr","locations":[{"start":{"line":165,"column":54},"end":{"line":165,"column":58}},{"start":{"line":166,"column":54},"end":{"line":166,"column":94}}],"line":163},"7":{"loc":{"start":{"line":163,"column":48},"end":{"line":164,"column":69}},"type":"binary-expr","locations":[{"start":{"line":163,"column":48},"end":{"line":163,"column":69}},{"start":{"line":164,"column":48},"end":{"line":164,"column":69}}],"line":163},"8":{"loc":{"start":{"line":174,"column":33},"end":{"line":178,"column":33}},"type":"binary-expr","locations":[{"start":{"line":174,"column":33},"end":{"line":174,"column":50}},{"start":{"line":175,"column":36},"end":{"line":177,"column":44}}],"line":174},"9":{"loc":{"start":{"line":205,"column":37},"end":{"line":209,"column":37}},"type":"binary-expr","locations":[{"start":{"line":205,"column":37},"end":{"line":205,"column":47}},{"start":{"line":206,"column":40},"end":{"line":208,"column":48}}],"line":205},"10":{"loc":{"start":{"line":237,"column":37},"end":{"line":241,"column":37}},"type":"binary-expr","locations":[{"start":{"line":237,"column":37},"end":{"line":237,"column":54}},{"start":{"line":238,"column":40},"end":{"line":240,"column":48}}],"line":237},"11":{"loc":{"start":{"line":254,"column":33},"end":{"line":258,"column":33}},"type":"binary-expr","locations":[{"start":{"line":254,"column":33},"end":{"line":254,"column":50}},{"start":{"line":255,"column":36},"end":{"line":257,"column":44}}],"line":254},"12":{"loc":{"start":{"line":270,"column":33},"end":{"line":274,"column":33}},"type":"binary-expr","locations":[{"start":{"line":270,"column":33},"end":{"line":270,"column":46}},{"start":{"line":271,"column":36},"end":{"line":273,"column":44}}],"line":270}},"s":{"0":1,"1":1,"2":4,"3":4,"4":0,"5":4,"6":0,"7":4,"8":4,"9":4,"10":6,"11":4,"12":2,"13":4,"14":4,"15":4,"16":4,"17":4,"18":2,"19":2,"20":1,"21":1,"22":0,"23":0,"24":0,"25":0,"26":4,"27":3,"28":3,"29":4,"30":2,"31":0,"32":2,"33":0,"34":2,"35":4,"36":0,"37":0,"38":0,"39":0,"40":0,"41":0,"42":0,"43":4,"44":0,"45":0,"46":1},"f":{"0":4,"1":0,"2":0,"3":6,"4":2,"5":2,"6":0,"7":3,"8":2,"9":0,"10":0,"11":0,"12":0,"13":0,"14":1},"b":{"0":[1,1],"1":[0,0],"2":[0,2],"3":[0,2],"4":[4,0],"5":[4,0],"6":[0,0],"7":[0,0],"8":[4,0],"9":[4,0],"10":[4,0],"11":[4,0],"12":[4,0]},"_coverageSchema":"1a1c01bbd47fc00a2c39e90264f33305004495a9","hash":"79b8fe451a5e0836988adce337fe36e6a1637376"}
,"/home/dnlalejandro/payment-cc-app/src/payment/components/Navbar.jsx": {"path":"/home/dnlalejandro/payment-cc-app/src/payment/components/Navbar.jsx","statementMap":{"0":{"start":{"line":14,"column":22},"end":{"line":63,"column":1}},"1":{"start":{"line":15,"column":21},"end":{"line":15,"column":34}},"2":{"start":{"line":16,"column":28},"end":{"line":16,"column":62}},"3":{"start":{"line":16,"column":51},"end":{"line":16,"column":61}},"4":{"start":{"line":17,"column":20},"end":{"line":17,"column":54}},"5":{"start":{"line":19,"column":21},"end":{"line":21,"column":5}},"6":{"start":{"line":20,"column":8},"end":{"line":20,"column":32}},"7":{"start":{"line":23,"column":4},"end":{"line":62,"column":6}}},"fnMap":{"0":{"name":"(anonymous_0)","decl":{"start":{"line":14,"column":22},"end":{"line":14,"column":23}},"loc":{"start":{"line":14,"column":28},"end":{"line":63,"column":1}},"line":14},"1":{"name":"(anonymous_1)","decl":{"start":{"line":16,"column":40},"end":{"line":16,"column":41}},"loc":{"start":{"line":16,"column":51},"end":{"line":16,"column":61}},"line":16},"2":{"name":"(anonymous_2)","decl":{"start":{"line":19,"column":21},"end":{"line":19,"column":22}},"loc":{"start":{"line":19,"column":27},"end":{"line":21,"column":5}},"line":19}},"branchMap":{"0":{"loc":{"start":{"line":40,"column":40},"end":{"line":40,"column":68}},"type":"cond-expr","locations":[{"start":{"line":40,"column":50},"end":{"line":40,"column":59}},{"start":{"line":40,"column":62},"end":{"line":40,"column":68}}],"line":40},"1":{"loc":{"start":{"line":44,"column":21},"end":{"line":52,"column":21}},"type":"cond-expr","locations":[{"start":{"line":45,"column":24},"end":{"line":47,"column":37}},{"start":{"line":49,"column":24},"end":{"line":51,"column":37}}],"line":44}},"s":{"0":2,"1":2,"2":2,"3":4,"4":2,"5":2,"6":1,"7":2},"f":{"0":2,"1":4,"2":1},"b":{"0":[0,2],"1":[0,2]},"_coverageSchema":"1a1c01bbd47fc00a2c39e90264f33305004495a9","hash":"a35fd69c1627c995b165a0864aa213e4f2d8bb89"}
,"/home/dnlalejandro/payment-cc-app/src/payment/helpers/loadInfoProduct.js": {"path":"/home/dnlalejandro/payment-cc-app/src/payment/helpers/loadInfoProduct.js","statementMap":{"0":{"start":{"line":3,"column":22},"end":{"line":3,"column":23}},"1":{"start":{"line":4,"column":18},"end":{"line":7,"column":2}},"2":{"start":{"line":9,"column":27},"end":{"line":17,"column":1}},"3":{"start":{"line":10,"column":4},"end":{"line":16,"column":5}},"4":{"start":{"line":11,"column":25},"end":{"line":11,"column":58}},"5":{"start":{"line":12,"column":8},"end":{"line":12,"column":29}},"6":{"start":{"line":14,"column":8},"end":{"line":14,"column":55}},"7":{"start":{"line":15,"column":8},"end":{"line":15,"column":20}}},"fnMap":{"0":{"name":"(anonymous_0)","decl":{"start":{"line":9,"column":27},"end":{"line":9,"column":28}},"loc":{"start":{"line":9,"column":39},"end":{"line":17,"column":1}},"line":9}},"branchMap":{},"s":{"0":1,"1":1,"2":1,"3":0,"4":0,"5":0,"6":0,"7":0},"f":{"0":0},"b":{},"_coverageSchema":"1a1c01bbd47fc00a2c39e90264f33305004495a9","hash":"1e577db35209575e9d0fb3a44d608f1e883d0790"}
,"/home/dnlalejandro/payment-cc-app/src/payment/layout/PaymentLayout.jsx": {"path":"/home/dnlalejandro/payment-cc-app/src/payment/layout/PaymentLayout.jsx","statementMap":{"0":{"start":{"line":7,"column":29},"end":{"line":43,"column":1}},"1":{"start":{"line":8,"column":36},"end":{"line":8,"column":48}},"2":{"start":{"line":10,"column":4},"end":{"line":21,"column":11}},"3":{"start":{"line":11,"column":26},"end":{"line":18,"column":9}},"4":{"start":{"line":12,"column":12},"end":{"line":17,"column":13}},"5":{"start":{"line":13,"column":37},"end":{"line":13,"column":56}},"6":{"start":{"line":14,"column":16},"end":{"line":14,"column":42}},"7":{"start":{"line":16,"column":16},"end":{"line":16,"column":64}},"8":{"start":{"line":20,"column":8},"end":{"line":20,"column":20}},"9":{"start":{"line":23,"column":4},"end":{"line":42,"column":6}},"10":{"start":{"line":35,"column":24},"end":{"line":35,"column":77}}},"fnMap":{"0":{"name":"(anonymous_0)","decl":{"start":{"line":7,"column":29},"end":{"line":7,"column":30}},"loc":{"start":{"line":7,"column":47},"end":{"line":43,"column":1}},"line":7},"1":{"name":"(anonymous_1)","decl":{"start":{"line":10,"column":14},"end":{"line":10,"column":15}},"loc":{"start":{"line":10,"column":20},"end":{"line":21,"column":5}},"line":10},"2":{"name":"(anonymous_2)","decl":{"start":{"line":11,"column":26},"end":{"line":11,"column":27}},"loc":{"start":{"line":11,"column":38},"end":{"line":18,"column":9}},"line":11},"3":{"name":"(anonymous_3)","decl":{"start":{"line":34,"column":34},"end":{"line":34,"column":35}},"loc":{"start":{"line":35,"column":24},"end":{"line":35,"column":77}},"line":35}},"branchMap":{},"s":{"0":1,"1":0,"2":0,"3":0,"4":0,"5":0,"6":0,"7":0,"8":0,"9":0,"10":0},"f":{"0":0,"1":0,"2":0,"3":0},"b":{},"_coverageSchema":"1a1c01bbd47fc00a2c39e90264f33305004495a9","hash":"1d2a14495c80183d8fa8dcdb22dab730eb562940"}
,"/home/dnlalejandro/payment-cc-app/src/payment/pages/PaymentPage.jsx": {"path":"/home/dnlalejandro/payment-cc-app/src/payment/pages/PaymentPage.jsx","statementMap":{"0":{"start":{"line":3,"column":27},"end":{"line":7,"column":1}},"1":{"start":{"line":4,"column":4},"end":{"line":6,"column":5}}},"fnMap":{"0":{"name":"(anonymous_0)","decl":{"start":{"line":3,"column":27},"end":{"line":3,"column":28}},"loc":{"start":{"line":3,"column":33},"end":{"line":7,"column":1}},"line":3}},"branchMap":{},"s":{"0":1,"1":0},"f":{"0":0},"b":{},"_coverageSchema":"1a1c01bbd47fc00a2c39e90264f33305004495a9","hash":"24b8217d8f42bb055254c5172cb799ea35f4b7e2"}
,"/home/dnlalejandro/payment-cc-app/src/payment/pages/SummaryPage.jsx": {"path":"/home/dnlalejandro/payment-cc-app/src/payment/pages/SummaryPage.jsx","statementMap":{"0":{"start":{"line":8,"column":14},"end":{"line":21,"column":1}},"1":{"start":{"line":22,"column":22},"end":{"line":22,"column":25}},"2":{"start":{"line":24,"column":27},"end":{"line":141,"column":1}},"3":{"start":{"line":25,"column":38},"end":{"line":25,"column":53}},"4":{"start":{"line":27,"column":29},"end":{"line":32,"column":5}},"5":{"start":{"line":28,"column":8},"end":{"line":30,"column":9}},"6":{"start":{"line":29,"column":12},"end":{"line":29,"column":19}},"7":{"start":{"line":31,"column":8},"end":{"line":31,"column":28}},"8":{"start":{"line":34,"column":77},"end":{"line":34,"column":114}},"9":{"start":{"line":34,"column":100},"end":{"line":34,"column":113}},"10":{"start":{"line":35,"column":28},"end":{"line":35,"column":62}},"11":{"start":{"line":35,"column":51},"end":{"line":35,"column":61}},"12":{"start":{"line":37,"column":21},"end":{"line":37,"column":34}},"13":{"start":{"line":38,"column":23},"end":{"line":38,"column":75}},"14":{"start":{"line":38,"column":37},"end":{"line":38,"column":61}},"15":{"start":{"line":40,"column":24},"end":{"line":48,"column":5}},"16":{"start":{"line":41,"column":8},"end":{"line":47,"column":9}},"17":{"start":{"line":42,"column":12},"end":{"line":42,"column":48}},"18":{"start":{"line":43,"column":12},"end":{"line":43,"column":26}},"19":{"start":{"line":44,"column":12},"end":{"line":44,"column":31}},"20":{"start":{"line":46,"column":12},"end":{"line":46,"column":51}},"21":{"start":{"line":50,"column":4},"end":{"line":140,"column":6}}},"fnMap":{"0":{"name":"(anonymous_0)","decl":{"start":{"line":24,"column":27},"end":{"line":24,"column":28}},"loc":{"start":{"line":24,"column":60},"end":{"line":141,"column":1}},"line":24},"1":{"name":"(anonymous_1)","decl":{"start":{"line":27,"column":29},"end":{"line":27,"column":30}},"loc":{"start":{"line":27,"column":48},"end":{"line":32,"column":5}},"line":27},"2":{"name":"(anonymous_2)","decl":{"start":{"line":34,"column":89},"end":{"line":34,"column":90}},"loc":{"start":{"line":34,"column":100},"end":{"line":34,"column":113}},"line":34},"3":{"name":"(anonymous_3)","decl":{"start":{"line":35,"column":40},"end":{"line":35,"column":41}},"loc":{"start":{"line":35,"column":51},"end":{"line":35,"column":61}},"line":35},"4":{"name":"(anonymous_4)","decl":{"start":{"line":38,"column":31},"end":{"line":38,"column":32}},"loc":{"start":{"line":38,"column":37},"end":{"line":38,"column":61}},"line":38},"5":{"name":"(anonymous_5)","decl":{"start":{"line":40,"column":24},"end":{"line":40,"column":25}},"loc":{"start":{"line":40,"column":35},"end":{"line":48,"column":5}},"line":40}},"branchMap":{"0":{"loc":{"start":{"line":28,"column":8},"end":{"line":30,"column":9}},"type":"if","locations":[{"start":{"line":28,"column":8},"end":{"line":30,"column":9}},{"start":{},"end":{}}],"line":28},"1":{"loc":{"start":{"line":132,"column":30},"end":{"line":132,"column":83}},"type":"cond-expr","locations":[{"start":{"line":132,"column":64},"end":{"line":132,"column":73}},{"start":{"line":132,"column":76},"end":{"line":132,"column":83}}],"line":132}},"s":{"0":1,"1":1,"2":1,"3":3,"4":3,"5":0,"6":0,"7":0,"8":3,"9":5,"10":3,"11":5,"12":3,"13":3,"14":2,"15":3,"16":0,"17":0,"18":0,"19":0,"20":0,"21":3},"f":{"0":3,"1":0,"2":5,"3":5,"4":2,"5":0},"b":{"0":[0,0],"1":[0,3]},"_coverageSchema":"1a1c01bbd47fc00a2c39e90264f33305004495a9","hash":"3dc467871cd46a1fe94455bc80dd5977231b15d3"}
,"/home/dnlalejandro/payment-cc-app/src/payment/pages/index.js": {"path":"/home/dnlalejandro/payment-cc-app/src/payment/pages/index.js","statementMap":{},"fnMap":{},"branchMap":{},"s":{},"f":{},"b":{},"_coverageSchema":"1a1c01bbd47fc00a2c39e90264f33305004495a9","hash":"74c182b4096e381d17ab2aca1fd3430f2a5f85bc"}
,"/home/dnlalejandro/payment-cc-app/src/store/auth/authSlice.js": {"path":"/home/dnlalejandro/payment-cc-app/src/store/auth/authSlice.js","statementMap":{"0":{"start":{"line":3,"column":25},"end":{"line":33,"column":2}},"1":{"start":{"line":14,"column":12},"end":{"line":14,"column":43}},"2":{"start":{"line":15,"column":12},"end":{"line":15,"column":36}},"3":{"start":{"line":16,"column":12},"end":{"line":16,"column":40}},"4":{"start":{"line":17,"column":12},"end":{"line":17,"column":52}},"5":{"start":{"line":18,"column":12},"end":{"line":18,"column":38}},"6":{"start":{"line":22,"column":12},"end":{"line":22,"column":47}},"7":{"start":{"line":23,"column":12},"end":{"line":23,"column":29}},"8":{"start":{"line":24,"column":12},"end":{"line":24,"column":31}},"9":{"start":{"line":25,"column":12},"end":{"line":25,"column":37}},"10":{"start":{"line":26,"column":12},"end":{"line":26,"column":55}},"11":{"start":{"line":30,"column":12},"end":{"line":30,"column":38}},"12":{"start":{"line":35,"column":54},"end":{"line":35,"column":71}}},"fnMap":{"0":{"name":"(anonymous_0)","decl":{"start":{"line":13,"column":15},"end":{"line":13,"column":16}},"loc":{"start":{"line":13,"column":39},"end":{"line":19,"column":9}},"line":13},"1":{"name":"(anonymous_1)","decl":{"start":{"line":21,"column":16},"end":{"line":21,"column":17}},"loc":{"start":{"line":21,"column":40},"end":{"line":27,"column":9}},"line":21},"2":{"name":"(anonymous_2)","decl":{"start":{"line":29,"column":29},"end":{"line":29,"column":30}},"loc":{"start":{"line":29,"column":40},"end":{"line":31,"column":9}},"line":29}},"branchMap":{},"s":{"0":6,"1":1,"2":1,"3":1,"4":1,"5":1,"6":1,"7":1,"8":1,"9":1,"10":1,"11":1,"12":6},"f":{"0":1,"1":1,"2":1},"b":{},"_coverageSchema":"1a1c01bbd47fc00a2c39e90264f33305004495a9","hash":"7a8ea50468fc1742ff299e616255e2b47b1d201d"}
,"/home/dnlalejandro/payment-cc-app/src/store/auth/thunks.js": {"path":"/home/dnlalejandro/payment-cc-app/src/store/auth/thunks.js","statementMap":{"0":{"start":{"line":4,"column":38},"end":{"line":8,"column":1}},"1":{"start":{"line":5,"column":4},"end":{"line":7,"column":5}},"2":{"start":{"line":6,"column":8},"end":{"line":6,"column":40}},"3":{"start":{"line":10,"column":33},"end":{"line":17,"column":1}},"4":{"start":{"line":11,"column":4},"end":{"line":16,"column":5}},"5":{"start":{"line":12,"column":8},"end":{"line":12,"column":40}},"6":{"start":{"line":13,"column":23},"end":{"line":13,"column":47}},"7":{"start":{"line":14,"column":8},"end":{"line":14,"column":68}},"8":{"start":{"line":14,"column":23},"end":{"line":14,"column":68}},"9":{"start":{"line":15,"column":8},"end":{"line":15,"column":31}},"10":{"start":{"line":18,"column":42},"end":{"line":25,"column":1}},"11":{"start":{"line":19,"column":4},"end":{"line":24,"column":5}},"12":{"start":{"line":20,"column":8},"end":{"line":20,"column":40}},"13":{"start":{"line":21,"column":23},"end":{"line":21,"column":73}},"14":{"start":{"line":22,"column":8},"end":{"line":22,"column":55}},"15":{"start":{"line":22,"column":23},"end":{"line":22,"column":55}},"16":{"start":{"line":23,"column":8},"end":{"line":23,"column":32}},"17":{"start":{"line":26,"column":53},"end":{"line":33,"column":1}},"18":{"start":{"line":27,"column":4},"end":{"line":32,"column":5}},"19":{"start":{"line":28,"column":8},"end":{"line":28,"column":40}},"20":{"start":{"line":29,"column":23},"end":{"line":29,"column":90}},"21":{"start":{"line":30,"column":8},"end":{"line":30,"column":55}},"22":{"start":{"line":30,"column":23},"end":{"line":30,"column":55}},"23":{"start":{"line":31,"column":8},"end":{"line":31,"column":32}},"24":{"start":{"line":35,"column":27},"end":{"line":40,"column":1}},"25":{"start":{"line":36,"column":4},"end":{"line":39,"column":5}},"26":{"start":{"line":37,"column":8},"end":{"line":37,"column":31}},"27":{"start":{"line":38,"column":8},"end":{"line":38,"column":29}}},"fnMap":{"0":{"name":"(anonymous_0)","decl":{"start":{"line":4,"column":38},"end":{"line":4,"column":39}},"loc":{"start":{"line":4,"column":44},"end":{"line":8,"column":1}},"line":4},"1":{"name":"(anonymous_1)","decl":{"start":{"line":5,"column":11},"end":{"line":5,"column":12}},"loc":{"start":{"line":5,"column":30},"end":{"line":7,"column":5}},"line":5},"2":{"name":"(anonymous_2)","decl":{"start":{"line":10,"column":33},"end":{"line":10,"column":34}},"loc":{"start":{"line":10,"column":39},"end":{"line":17,"column":1}},"line":10},"3":{"name":"(anonymous_3)","decl":{"start":{"line":11,"column":11},"end":{"line":11,"column":12}},"loc":{"start":{"line":11,"column":30},"end":{"line":16,"column":5}},"line":11},"4":{"name":"(anonymous_4)","decl":{"start":{"line":18,"column":42},"end":{"line":18,"column":43}},"loc":{"start":{"line":18,"column":65},"end":{"line":25,"column":1}},"line":18},"5":{"name":"(anonymous_5)","decl":{"start":{"line":19,"column":11},"end":{"line":19,"column":12}},"loc":{"start":{"line":19,"column":30},"end":{"line":24,"column":5}},"line":19},"6":{"name":"(anonymous_6)","decl":{"start":{"line":26,"column":53},"end":{"line":26,"column":54}},"loc":{"start":{"line":26,"column":89},"end":{"line":33,"column":1}},"line":26},"7":{"name":"(anonymous_7)","decl":{"start":{"line":27,"column":11},"end":{"line":27,"column":12}},"loc":{"start":{"line":27,"column":30},"end":{"line":32,"column":5}},"line":27},"8":{"name":"(anonymous_8)","decl":{"start":{"line":35,"column":27},"end":{"line":35,"column":28}},"loc":{"start":{"line":35,"column":33},"end":{"line":40,"column":1}},"line":35},"9":{"name":"(anonymous_9)","decl":{"start":{"line":36,"column":11},"end":{"line":36,"column":12}},"loc":{"start":{"line":36,"column":32},"end":{"line":39,"column":5}},"line":36}},"branchMap":{"0":{"loc":{"start":{"line":14,"column":8},"end":{"line":14,"column":68}},"type":"if","locations":[{"start":{"line":14,"column":8},"end":{"line":14,"column":68}},{"start":{},"end":{}}],"line":14},"1":{"loc":{"start":{"line":22,"column":8},"end":{"line":22,"column":55}},"type":"if","locations":[{"start":{"line":22,"column":8},"end":{"line":22,"column":55}},{"start":{},"end":{}}],"line":22},"2":{"loc":{"start":{"line":30,"column":8},"end":{"line":30,"column":55}},"type":"if","locations":[{"start":{"line":30,"column":8},"end":{"line":30,"column":55}},{"start":{},"end":{}}],"line":30}},"s":{"0":3,"1":1,"2":1,"3":3,"4":2,"5":2,"6":2,"7":2,"8":1,"9":1,"10":3,"11":2,"12":2,"13":2,"14":2,"15":1,"16":1,"17":3,"18":0,"19":0,"20":0,"21":0,"22":0,"23":0,"24":3,"25":1,"26":1,"27":1},"f":{"0":1,"1":1,"2":2,"3":2,"4":2,"5":2,"6":0,"7":0,"8":1,"9":1},"b":{"0":[1,1],"1":[1,1],"2":[0,0]},"_coverageSchema":"1a1c01bbd47fc00a2c39e90264f33305004495a9","hash":"adcc42a92197fa290c472034917c8314b7bbd419"}
,"/home/dnlalejandro/payment-cc-app/src/store/payment/paymentSlice.js": {"path":"/home/dnlalejandro/payment-cc-app/src/store/payment/paymentSlice.js","statementMap":{"0":{"start":{"line":3,"column":28},"end":{"line":48,"column":2}},"1":{"start":{"line":19,"column":12},"end":{"line":19,"column":38}},"2":{"start":{"line":23,"column":12},"end":{"line":23,"column":36}},"3":{"start":{"line":24,"column":12},"end":{"line":24,"column":40}},"4":{"start":{"line":25,"column":12},"end":{"line":25,"column":40}},"5":{"start":{"line":26,"column":12},"end":{"line":26,"column":34}},"6":{"start":{"line":27,"column":12},"end":{"line":27,"column":50}},"7":{"start":{"line":28,"column":12},"end":{"line":28,"column":36}},"8":{"start":{"line":29,"column":12},"end":{"line":29,"column":50}},"9":{"start":{"line":30,"column":12},"end":{"line":30,"column":50}},"10":{"start":{"line":31,"column":12},"end":{"line":31,"column":42}},"11":{"start":{"line":32,"column":12},"end":{"line":32,"column":33}},"12":{"start":{"line":36,"column":12},"end":{"line":36,"column":40}},"13":{"start":{"line":37,"column":12},"end":{"line":37,"column":31}},"14":{"start":{"line":38,"column":12},"end":{"line":38,"column":31}},"15":{"start":{"line":39,"column":12},"end":{"line":39,"column":28}},"16":{"start":{"line":40,"column":12},"end":{"line":40,"column":36}},"17":{"start":{"line":41,"column":12},"end":{"line":41,"column":29}},"18":{"start":{"line":42,"column":12},"end":{"line":42,"column":36}},"19":{"start":{"line":43,"column":12},"end":{"line":43,"column":36}},"20":{"start":{"line":44,"column":12},"end":{"line":44,"column":32}},"21":{"start":{"line":45,"column":12},"end":{"line":45,"column":45}},"22":{"start":{"line":50,"column":61},"end":{"line":50,"column":81}}},"fnMap":{"0":{"name":"(anonymous_0)","decl":{"start":{"line":18,"column":25},"end":{"line":18,"column":26}},"loc":{"start":{"line":18,"column":36},"end":{"line":20,"column":9}},"line":18},"1":{"name":"(anonymous_1)","decl":{"start":{"line":22,"column":20},"end":{"line":22,"column":21}},"loc":{"start":{"line":22,"column":44},"end":{"line":33,"column":9}},"line":22},"2":{"name":"(anonymous_2)","decl":{"start":{"line":35,"column":22},"end":{"line":35,"column":23}},"loc":{"start":{"line":35,"column":46},"end":{"line":46,"column":9}},"line":35}},"branchMap":{},"s":{"0":4,"1":1,"2":1,"3":1,"4":1,"5":1,"6":1,"7":1,"8":1,"9":1,"10":1,"11":1,"12":1,"13":1,"14":1,"15":1,"16":1,"17":1,"18":1,"19":1,"20":1,"21":1,"22":4},"f":{"0":1,"1":1,"2":1},"b":{},"_coverageSchema":"1a1c01bbd47fc00a2c39e90264f33305004495a9","hash":"ca2705979f11415596c92ce3210a6ec74dd4a85b"}
,"/home/dnlalejandro/payment-cc-app/src/store/payment/thunks.js": {"path":"/home/dnlalejandro/payment-cc-app/src/store/payment/thunks.js","statementMap":{"0":{"start":{"line":3,"column":35},"end":{"line":7,"column":1}},"1":{"start":{"line":4,"column":4},"end":{"line":6,"column":6}},"2":{"start":{"line":5,"column":8},"end":{"line":5,"column":36}},"3":{"start":{"line":9,"column":27},"end":{"line":14,"column":1}},"4":{"start":{"line":10,"column":4},"end":{"line":13,"column":6}},"5":{"start":{"line":11,"column":8},"end":{"line":11,"column":36}},"6":{"start":{"line":12,"column":8},"end":{"line":12,"column":98}},"7":{"start":{"line":15,"column":33},"end":{"line":34,"column":1}},"8":{"start":{"line":16,"column":4},"end":{"line":33,"column":6}},"9":{"start":{"line":17,"column":8},"end":{"line":32,"column":11}},"10":{"start":{"line":18,"column":12},"end":{"line":18,"column":40}},"11":{"start":{"line":19,"column":12},"end":{"line":31,"column":21}},"12":{"start":{"line":20,"column":41},"end":{"line":20,"column":74}},"13":{"start":{"line":22,"column":16},"end":{"line":30,"column":17}},"14":{"start":{"line":23,"column":20},"end":{"line":23,"column":51}},"15":{"start":{"line":24,"column":20},"end":{"line":24,"column":56}},"16":{"start":{"line":25,"column":20},"end":{"line":25,"column":37}},"17":{"start":{"line":27,"column":20},"end":{"line":27,"column":66}},"18":{"start":{"line":28,"column":20},"end":{"line":28,"column":56}},"19":{"start":{"line":29,"column":20},"end":{"line":29,"column":37}}},"fnMap":{"0":{"name":"(anonymous_0)","decl":{"start":{"line":3,"column":35},"end":{"line":3,"column":36}},"loc":{"start":{"line":3,"column":41},"end":{"line":7,"column":1}},"line":3},"1":{"name":"(anonymous_1)","decl":{"start":{"line":4,"column":11},"end":{"line":4,"column":12}},"loc":{"start":{"line":4,"column":31},"end":{"line":6,"column":5}},"line":4},"2":{"name":"(anonymous_2)","decl":{"start":{"line":9,"column":27},"end":{"line":9,"column":28}},"loc":{"start":{"line":9,"column":102},"end":{"line":14,"column":1}},"line":9},"3":{"name":"(anonymous_3)","decl":{"start":{"line":10,"column":11},"end":{"line":10,"column":12}},"loc":{"start":{"line":10,"column":31},"end":{"line":13,"column":5}},"line":10},"4":{"name":"(anonymous_4)","decl":{"start":{"line":15,"column":33},"end":{"line":15,"column":34}},"loc":{"start":{"line":15,"column":39},"end":{"line":34,"column":1}},"line":15},"5":{"name":"(anonymous_5)","decl":{"start":{"line":16,"column":11},"end":{"line":16,"column":12}},"loc":{"start":{"line":16,"column":25},"end":{"line":33,"column":5}},"line":16},"6":{"name":"(anonymous_6)","decl":{"start":{"line":17,"column":27},"end":{"line":17,"column":28}},"loc":{"start":{"line":17,"column":40},"end":{"line":32,"column":9}},"line":17},"7":{"name":"(anonymous_7)","decl":{"start":{"line":19,"column":23},"end":{"line":19,"column":24}},"loc":{"start":{"line":19,"column":29},"end":{"line":31,"column":13}},"line":19}},"branchMap":{"0":{"loc":{"start":{"line":22,"column":16},"end":{"line":30,"column":17}},"type":"if","locations":[{"start":{"line":22,"column":16},"end":{"line":30,"column":17}},{"start":{"line":26,"column":23},"end":{"line":30,"column":17}}],"line":22}},"s":{"0":2,"1":1,"2":1,"3":2,"4":1,"5":1,"6":1,"7":2,"8":2,"9":2,"10":2,"11":2,"12":2,"13":2,"14":1,"15":1,"16":1,"17":1,"18":1,"19":1},"f":{"0":1,"1":1,"2":1,"3":1,"4":2,"5":2,"6":2,"7":2},"b":{"0":[1,1]},"_coverageSchema":"1a1c01bbd47fc00a2c39e90264f33305004495a9","hash":"67397f08ef3e536bb755767ee8ab5f7547f2b220"}
,"/home/dnlalejandro/payment-cc-app/tests/fixtures/authFixtures.js": {"path":"/home/dnlalejandro/payment-cc-app/tests/fixtures/authFixtures.js","statementMap":{"0":{"start":{"line":1,"column":28},"end":{"line":7,"column":1}},"1":{"start":{"line":9,"column":34},"end":{"line":15,"column":1}},"2":{"start":{"line":17,"column":37},"end":{"line":23,"column":1}},"3":{"start":{"line":25,"column":24},"end":{"line":29,"column":1}}},"fnMap":{},"branchMap":{},"s":{"0":5,"1":5,"2":5,"3":5},"f":{},"b":{},"_coverageSchema":"1a1c01bbd47fc00a2c39e90264f33305004495a9","hash":"a4f41587edb6e9fdc1936edefcd495a3c0695f5d"}
,"/home/dnlalejandro/payment-cc-app/tests/fixtures/paymentFixtures.js": {"path":"/home/dnlalejandro/payment-cc-app/tests/fixtures/paymentFixtures.js","statementMap":{"0":{"start":{"line":1,"column":28},"end":{"line":12,"column":1}},"1":{"start":{"line":14,"column":27},"end":{"line":25,"column":1}},"2":{"start":{"line":27,"column":33},"end":{"line":38,"column":1}},"3":{"start":{"line":40,"column":24},"end":{"line":50,"column":1}}},"fnMap":{},"branchMap":{},"s":{"0":1,"1":1,"2":1,"3":1},"f":{},"b":{},"_coverageSchema":"1a1c01bbd47fc00a2c39e90264f33305004495a9","hash":"72cf6620dfb3bea019b1034eed4a96148e6ebaf4"}
}
