TN:
SF:src/auth/layout/AuthLayout.jsx
FN:4,(anonymous_0)
FNF:1
FNH:1
FNDA:5,(anonymous_0)
DA:4,3
DA:5,5
DA:40,3
LF:3
LH:3
BRDA:4,0,0,0
BRF:1
BRH:0
end_of_record
TN:
SF:src/auth/pages/LoginPage.jsx
FN:10,(anonymous_0)
FN:17,(anonymous_1)
FN:19,(anonymous_2)
FN:21,(anonymous_3)
FN:27,(anonymous_4)
FN:34,(anonymous_5)
FNF:6
FNH:4
FNDA:3,(anonymous_0)
FNDA:6,(anonymous_1)
FNDA:3,(anonymous_2)
FNDA:0,(anonymous_3)
FNDA:1,(anonymous_4)
FNDA:0,(anonymous_5)
DA:10,1
DA:15,3
DA:17,6
DA:18,3
DA:19,3
DA:21,3
DA:22,0
DA:23,0
DA:24,0
DA:27,3
DA:28,1
DA:31,3
DA:35,0
LF:13
LH:9
BRDA:50,0,0,3
BRDA:50,0,1,0
BRDA:73,1,0,3
BRDA:73,1,1,0
BRDA:81,2,0,0
BRDA:81,2,1,3
BRF:6
BRH:3
end_of_record
TN:
SF:src/auth/pages/RegisterPage.jsx
FN:9,(anonymous_0)
FN:16,(anonymous_1)
FN:18,(anonymous_2)
FN:20,(anonymous_3)
FN:30,(anonymous_4)
FNF:5
FNH:3
FNDA:1,(anonymous_0)
FNDA:2,(anonymous_1)
FNDA:1,(anonymous_2)
FNDA:0,(anonymous_3)
FNDA:0,(anonymous_4)
DA:9,1
DA:14,1
DA:16,2
DA:17,1
DA:18,1
DA:20,1
DA:21,0
DA:22,0
DA:23,0
DA:24,0
DA:27,1
DA:31,0
LF:12
LH:7
BRDA:45,0,0,0
BRDA:45,0,1,1
BRDA:51,1,0,1
BRDA:51,1,1,0
BRDA:64,2,0,0
BRDA:64,2,1,1
BRDA:70,3,0,1
BRDA:70,3,1,0
BRDA:88,4,0,0
BRDA:88,4,1,1
BRDA:93,5,0,1
BRDA:93,5,1,0
BRDA:101,6,0,0
BRDA:101,6,1,1
BRF:14
BRH:7
end_of_record
TN:
SF:src/firebase/config.js
FNF:0
FNH:0
DA:9,3
DA:19,3
DA:20,3
DA:21,3
LF:4
LH:4
BRF:0
BRH:0
end_of_record
TN:
SF:src/firebase/providers.js
FN:9,(anonymous_0)
FN:29,(anonymous_1)
FN:44,(anonymous_2)
FN:61,(anonymous_3)
FNF:4
FNH:0
FNDA:0,(anonymous_0)
FNDA:0,(anonymous_1)
FNDA:0,(anonymous_2)
FNDA:0,(anonymous_3)
DA:4,3
DA:5,3
DA:9,3
DA:10,0
DA:11,0
DA:14,0
DA:15,0
DA:22,0
DA:23,0
DA:29,3
DA:30,0
DA:31,0
DA:32,0
DA:34,0
DA:40,0
DA:44,3
DA:45,0
DA:46,0
DA:47,0
DA:48,0
DA:49,0
DA:57,0
DA:61,3
DA:62,0
LF:24
LH:6
BRF:0
BRH:0
end_of_record
TN:
SF:src/payment/components/CardProduct.jsx
FN:5,(anonymous_0)
FN:8,(anonymous_1)
FN:12,(anonymous_2)
FNF:3
FNH:2
FNDA:3,(anonymous_0)
FNDA:1,(anonymous_1)
FNDA:0,(anonymous_2)
DA:5,1
DA:7,3
DA:8,3
DA:9,1
DA:12,3
DA:13,0
DA:15,3
LF:7
LH:6
BRF:0
BRH:0
end_of_record
TN:
SF:src/payment/components/ModalPaymentCC.jsx
FN:27,(anonymous_0)
FN:30,(anonymous_1)
FN:34,(anonymous_2)
FN:41,(anonymous_3)
FN:42,(anonymous_4)
FN:59,(anonymous_5)
FN:63,(anonymous_6)
FN:74,(anonymous_7)
FN:79,(anonymous_8)
FN:89,(anonymous_9)
FN:97,(anonymous_10)
FN:101,(anonymous_11)
FN:126,(anonymous_12)
FN:162,(anonymous_13)
FN:219,(anonymous_14)
FNF:15
FNH:7
FNDA:4,(anonymous_0)
FNDA:0,(anonymous_1)
FNDA:0,(anonymous_2)
FNDA:6,(anonymous_3)
FNDA:2,(anonymous_4)
FNDA:2,(anonymous_5)
FNDA:0,(anonymous_6)
FNDA:3,(anonymous_7)
FNDA:2,(anonymous_8)
FNDA:0,(anonymous_9)
FNDA:0,(anonymous_10)
FNDA:0,(anonymous_11)
FNDA:0,(anonymous_12)
FNDA:0,(anonymous_13)
FNDA:1,(anonymous_14)
DA:12,1
DA:27,1
DA:29,4
DA:30,4
DA:31,0
DA:34,4
DA:35,0
DA:38,4
DA:39,4
DA:41,6
DA:42,4
DA:51,4
DA:53,4
DA:55,4
DA:57,4
DA:59,4
DA:60,2
DA:61,2
DA:62,1
DA:63,1
DA:64,0
DA:65,0
DA:66,0
DA:68,0
DA:74,4
DA:75,3
DA:76,3
DA:79,4
DA:80,2
DA:81,0
DA:82,2
DA:83,0
DA:85,2
DA:89,4
DA:90,0
DA:91,0
DA:92,0
DA:94,0
DA:98,0
DA:99,0
DA:102,0
DA:106,4
DA:127,0
DA:163,0
DA:220,1
LF:45
LH:28
BRDA:61,0,0,1
BRDA:61,0,1,1
BRDA:65,1,0,0
BRDA:65,1,1,0
BRDA:80,2,0,0
BRDA:80,2,1,2
BRDA:82,3,0,0
BRDA:82,3,1,2
BRDA:132,4,0,4
BRDA:132,4,1,0
BRDA:140,5,0,4
BRDA:140,5,1,0
BRDA:163,6,0,0
BRDA:163,6,1,0
BRDA:163,7,0,0
BRDA:163,7,1,0
BRDA:174,8,0,4
BRDA:174,8,1,0
BRDA:205,9,0,4
BRDA:205,9,1,0
BRDA:237,10,0,4
BRDA:237,10,1,0
BRDA:254,11,0,4
BRDA:254,11,1,0
BRDA:270,12,0,4
BRDA:270,12,1,0
BRF:26
BRH:11
end_of_record
TN:
SF:src/payment/components/Navbar.jsx
FN:14,(anonymous_0)
FN:16,(anonymous_1)
FN:19,(anonymous_2)
FNF:3
FNH:3
FNDA:2,(anonymous_0)
FNDA:4,(anonymous_1)
FNDA:1,(anonymous_2)
DA:14,2
DA:15,2
DA:16,4
DA:17,2
DA:19,2
DA:20,1
DA:23,2
LF:7
LH:7
BRDA:40,0,0,0
BRDA:40,0,1,2
BRDA:44,1,0,0
BRDA:44,1,1,2
BRF:4
BRH:2
end_of_record
TN:
SF:src/payment/helpers/loadInfoProduct.js
FN:9,(anonymous_0)
FNF:1
FNH:0
FNDA:0,(anonymous_0)
DA:3,1
DA:4,1
DA:9,1
DA:10,0
DA:11,0
DA:12,0
DA:14,0
DA:15,0
LF:8
LH:3
BRF:0
BRH:0
end_of_record
TN:
SF:src/payment/layout/PaymentLayout.jsx
FN:7,(anonymous_0)
FN:10,(anonymous_1)
FN:11,(anonymous_2)
FN:34,(anonymous_3)
FNF:4
FNH:0
FNDA:0,(anonymous_0)
FNDA:0,(anonymous_1)
FNDA:0,(anonymous_2)
FNDA:0,(anonymous_3)
DA:7,1
DA:8,0
DA:10,0
DA:11,0
DA:12,0
DA:13,0
DA:14,0
DA:16,0
DA:20,0
DA:23,0
DA:35,0
LF:11
LH:1
BRF:0
BRH:0
end_of_record
TN:
SF:src/payment/pages/PaymentPage.jsx
FN:3,(anonymous_0)
FNF:1
FNH:0
FNDA:0,(anonymous_0)
DA:3,1
DA:4,0
LF:2
LH:1
BRF:0
BRH:0
end_of_record
TN:
SF:src/payment/pages/SummaryPage.jsx
FN:24,(anonymous_0)
FN:27,(anonymous_1)
FN:34,(anonymous_2)
FN:35,(anonymous_3)
FN:38,(anonymous_4)
FN:40,(anonymous_5)
FNF:6
FNH:4
FNDA:3,(anonymous_0)
FNDA:0,(anonymous_1)
FNDA:5,(anonymous_2)
FNDA:5,(anonymous_3)
FNDA:2,(anonymous_4)
FNDA:0,(anonymous_5)
DA:8,1
DA:22,1
DA:24,1
DA:25,3
DA:27,3
DA:28,0
DA:29,0
DA:31,0
DA:34,5
DA:35,5
DA:37,3
DA:38,3
DA:40,3
DA:41,0
DA:42,0
DA:43,0
DA:44,0
DA:46,0
DA:50,3
LF:19
LH:11
BRDA:28,0,0,0
BRDA:28,0,1,0
BRDA:132,1,0,0
BRDA:132,1,1,3
BRF:4
BRH:1
end_of_record
TN:
SF:src/payment/pages/index.js
FNF:0
FNH:0
LF:0
LH:0
BRF:0
BRH:0
end_of_record
TN:
SF:src/store/auth/authSlice.js
FN:13,(anonymous_0)
FN:21,(anonymous_1)
FN:29,(anonymous_2)
FNF:3
FNH:3
FNDA:1,(anonymous_0)
FNDA:1,(anonymous_1)
FNDA:1,(anonymous_2)
DA:3,6
DA:14,1
DA:15,1
DA:16,1
DA:17,1
DA:18,1
DA:22,1
DA:23,1
DA:24,1
DA:25,1
DA:26,1
DA:30,1
DA:35,6
LF:13
LH:13
BRF:0
BRH:0
end_of_record
TN:
SF:src/store/auth/thunks.js
FN:4,(anonymous_0)
FN:5,(anonymous_1)
FN:10,(anonymous_2)
FN:11,(anonymous_3)
FN:18,(anonymous_4)
FN:19,(anonymous_5)
FN:26,(anonymous_6)
FN:27,(anonymous_7)
FN:35,(anonymous_8)
FN:36,(anonymous_9)
FNF:10
FNH:8
FNDA:1,(anonymous_0)
FNDA:1,(anonymous_1)
FNDA:2,(anonymous_2)
FNDA:2,(anonymous_3)
FNDA:2,(anonymous_4)
FNDA:2,(anonymous_5)
FNDA:0,(anonymous_6)
FNDA:0,(anonymous_7)
FNDA:1,(anonymous_8)
FNDA:1,(anonymous_9)
DA:4,3
DA:5,1
DA:6,1
DA:10,3
DA:11,2
DA:12,2
DA:13,2
DA:14,2
DA:15,1
DA:18,3
DA:19,2
DA:20,2
DA:21,2
DA:22,2
DA:23,1
DA:26,3
DA:27,0
DA:28,0
DA:29,0
DA:30,0
DA:31,0
DA:35,3
DA:36,1
DA:37,1
DA:38,1
LF:25
LH:20
BRDA:14,0,0,1
BRDA:14,0,1,1
BRDA:22,1,0,1
BRDA:22,1,1,1
BRDA:30,2,0,0
BRDA:30,2,1,0
BRF:6
BRH:4
end_of_record
TN:
SF:src/store/payment/paymentSlice.js
FN:18,(anonymous_0)
FN:22,(anonymous_1)
FN:35,(anonymous_2)
FNF:3
FNH:3
FNDA:1,(anonymous_0)
FNDA:1,(anonymous_1)
FNDA:1,(anonymous_2)
DA:3,4
DA:19,1
DA:23,1
DA:24,1
DA:25,1
DA:26,1
DA:27,1
DA:28,1
DA:29,1
DA:30,1
DA:31,1
DA:32,1
DA:36,1
DA:37,1
DA:38,1
DA:39,1
DA:40,1
DA:41,1
DA:42,1
DA:43,1
DA:44,1
DA:45,1
DA:50,4
LF:23
LH:23
BRF:0
BRH:0
end_of_record
TN:
SF:src/store/payment/thunks.js
FN:3,(anonymous_0)
FN:4,(anonymous_1)
FN:9,(anonymous_2)
FN:10,(anonymous_3)
FN:15,(anonymous_4)
FN:16,(anonymous_5)
FN:17,(anonymous_6)
FN:19,(anonymous_7)
FNF:8
FNH:8
FNDA:1,(anonymous_0)
FNDA:1,(anonymous_1)
FNDA:1,(anonymous_2)
FNDA:1,(anonymous_3)
FNDA:2,(anonymous_4)
FNDA:2,(anonymous_5)
FNDA:2,(anonymous_6)
FNDA:2,(anonymous_7)
DA:3,2
DA:4,1
DA:5,1
DA:9,2
DA:10,1
DA:11,1
DA:12,1
DA:15,2
DA:16,2
DA:17,2
DA:18,2
DA:19,2
DA:20,2
DA:22,2
DA:23,1
DA:24,1
DA:25,1
DA:27,1
DA:28,1
DA:29,1
LF:20
LH:20
BRDA:22,0,0,1
BRDA:22,0,1,1
BRF:2
BRH:2
end_of_record
TN:
SF:tests/fixtures/authFixtures.js
FNF:0
FNH:0
DA:1,5
DA:9,5
DA:17,5
DA:25,5
LF:4
LH:4
BRF:0
BRH:0
end_of_record
TN:
SF:tests/fixtures/paymentFixtures.js
FNF:0
FNH:0
DA:1,1
DA:14,1
DA:27,1
DA:40,1
LF:4
LH:4
BRF:0
BRH:0
end_of_record
